<?xml version="1.0" encoding="UTF-8"?>
<Site BuildName="Linux-clang"
	BuildStamp="20260622-1658-Experimental"
	Name="LenovoZ580"
	Generator="ctest-4.3.4"
	CompilerName=""
	CompilerVersion=""
	OSName="Linux"
	Hostname="LenovoZ580"
	OSRelease="7.0.14-zen1-1-zen"
	OSVersion="#1 ZEN SMP PREEMPT_DYNAMIC Sat, 27 Jun 2026 16:14:55 +0000"
	OSPlatform="x86_64"
	Is64Bits="1"
	VendorString="GenuineIntel"
	VendorID="Intel Corporation"
	FamilyID="6"
	ModelID="58"
	ModelName="Intel(R) Core(TM) i5-3210M CPU @ 2.50GHz"
	ProcessorCacheSize="3072"
	NumberOfLogicalCPU="4"
	NumberOfPhysicalCPU="2"
	TotalVirtualMemory="3896"
	TotalPhysicalMemory="7794"
	LogicalProcessorsPerPhysical="2"
	ProcessorClockFrequency="2892.985107"
	>
	<Testing>
		<StartDateTime>Jun 30 22:31 +03</StartDateTime>
		<StartTestTime>1782847866</StartTestTime>
		<TestList/>
		<EndDateTime>Jun 30 22:31 +03</EndDateTime>
		<EndTestTime>1782847866</EndTestTime>
		<ElapsedMinutes>0</ElapsedMinutes>
	</Testing>
</Site>
