Start testing: Jun 23 19:02 +03
----------------------------------------------------------
1/7 Testing: lexer
1/7 Test: lexer
Command: "/home/hasan/Projeler/XS/build/clang-debug/xs_lexer_tests"
Directory: /home/hasan/Projeler/XS/build/clang-debug
"lexer" start time: Jun 23 19:02 +03
Output:
----------------------------------------------------------
<end of output>
Test time =   0.00 sec
----------------------------------------------------------
Test Passed.
"lexer" end time: Jun 23 19:02 +03
"lexer" time elapsed: 00:00:00
----------------------------------------------------------

2/7 Testing: parser
2/7 Test: parser
Command: "/home/hasan/Projeler/XS/build/clang-debug/xs_parser_tests"
Directory: /home/hasan/Projeler/XS/build/clang-debug
"parser" start time: Jun 23 19:02 +03
Output:
----------------------------------------------------------
<end of output>
Test time =   0.00 sec
----------------------------------------------------------
Test Passed.
"parser" end time: Jun 23 19:02 +03
"parser" time elapsed: 00:00:00
----------------------------------------------------------

3/7 Testing: project
3/7 Test: project
Command: "/home/hasan/Projeler/XS/build/clang-debug/xs_project_tests"
Directory: /home/hasan/Projeler/XS/build/clang-debug
"project" start time: Jun 23 19:02 +03
Output:
----------------------------------------------------------
<end of output>
Test time =   0.00 sec
----------------------------------------------------------
Test Passed.
"project" end time: Jun 23 19:02 +03
"project" time elapsed: 00:00:00
----------------------------------------------------------

4/7 Testing: example_project
4/7 Test: example_project
Command: "/home/hasan/Projeler/XS/build/clang-debug/xs" "check" "-proj" "/home/hasan/Projeler/XS/XS/example/MyApp.xsproj"
Directory: /home/hasan/Projeler/XS/build/clang-debug
"example_project" start time: Jun 23 19:02 +03
Output:
----------------------------------------------------------
<end of output>
Test time =   0.00 sec
----------------------------------------------------------
Test Passed.
"example_project" end time: Jun 23 19:02 +03
"example_project" time elapsed: 00:00:00
----------------------------------------------------------

5/7 Testing: backend
5/7 Test: backend
Command: "/home/hasan/Projeler/XS/build/clang-debug/xs_backend_tests" "/home/hasan/Projeler/XS/build/clang-debug/xs_backend_test.o" "/usr/bin/ld.lld"
Directory: /home/hasan/Projeler/XS/build/clang-debug
"backend" start time: Jun 23 19:02 +03
Output:
----------------------------------------------------------
LLD 22.1.6 (compatible with GNU linkers)
<end of output>
Test time =   0.06 sec
----------------------------------------------------------
Test Passed.
"backend" end time: Jun 23 19:02 +03
"backend" time elapsed: 00:00:00
----------------------------------------------------------

6/7 Testing: modules
6/7 Test: modules
Command: "/home/hasan/Projeler/XS/build/clang-debug/xs_module_tests" "/home/hasan/Projeler/XS/tests/fixtures/module_project" "/home/hasan/Projeler/XS/tests/fixtures/duplicate_modules"
Directory: /home/hasan/Projeler/XS/build/clang-debug
"modules" start time: Jun 23 19:02 +03
Output:
----------------------------------------------------------
<end of output>
Test time =   0.01 sec
----------------------------------------------------------
Test Passed.
"modules" end time: Jun 23 19:02 +03
"modules" time elapsed: 00:00:00
----------------------------------------------------------

7/7 Testing: syntax_ast
7/7 Test: syntax_ast
Command: "/home/hasan/Projeler/XS/build/clang-debug/xs_syntax_ast_tests"
Directory: /home/hasan/Projeler/XS/build/clang-debug
"syntax_ast" start time: Jun 23 19:02 +03
Output:
----------------------------------------------------------
<end of output>
Test time =   0.00 sec
----------------------------------------------------------
Test Passed.
"syntax_ast" end time: Jun 23 19:02 +03
"syntax_ast" time elapsed: 00:00:00
----------------------------------------------------------

End testing: Jun 23 19:02 +03
